\BOOKMARK [0][-]{chapter.1}{\376\377\000C\000o\000n\000t\000e\000n\000t\000s}{}% 1
\BOOKMARK [1][-]{section.1.1}{\376\377\000W\000e\000l\000c\000o\000m\000e}{chapter.1}% 2
\BOOKMARK [2][-]{subsection.1.1.1}{\376\377\000G\000i\000t\000H\000u\000b\000\040\000R\000e\000p\000o\000s\000i\000t\000o\000r\000y}{section.1.1}% 3
\BOOKMARK [1][-]{section.1.2}{\376\377\000I\000n\000s\000t\000a\000l\000l}{chapter.1}% 4
\BOOKMARK [2][-]{subsection.1.2.1}{\376\377\000P\000r\000e\000r\000e\000q\000u\000i\000s\000i\000t\000e\000s}{section.1.2}% 5
\BOOKMARK [2][-]{subsection.1.2.2}{\376\377\000I\000n\000s\000t\000a\000l\000l\000a\000t\000i\000o\000n}{section.1.2}% 6
\BOOKMARK [1][-]{section.1.3}{\376\377\000G\000e\000t\000t\000i\000n\000g\000\040\000S\000t\000a\000r\000t\000e\000d}{chapter.1}% 7
\BOOKMARK [2][-]{subsection.1.3.1}{\376\377\000B\000a\000s\000i\000c\000\040\000U\000s\000a\000g\000e\000\040\000-\000\040\000D\000e\000a\000l\000i\000n\000g\000\040\000w\000i\000t\000h\000\040\000O\000B\000s\000,\000\040\000i\000n\000d\000i\000v\000i\000d\000u\000a\000l\000l\000y}{section.1.3}% 8
\BOOKMARK [2][-]{subsection.1.3.2}{\376\377\000S\000t\000e\000p\000\040\0001\000:\000\040\000P\000r\000e\000p\000a\000r\000i\000n\000g\000\040\000y\000o\000u\000r\000\040\000d\000a\000t\000a}{section.1.3}% 9
\BOOKMARK [2][-]{subsection.1.3.3}{\376\377\000S\000t\000e\000p\000\040\0002\000:\000\040\000P\000r\000e\000p\000a\000r\000i\000n\000g\000\040\000y\000o\000u\000r\000\040\000c\000o\000n\000f\000i\000g\000u\000r\000a\000t\000i\000o\000n\000\040\000f\000i\000l\000e\000s}{section.1.3}% 10
\BOOKMARK [2][-]{subsection.1.3.4}{\376\377\000S\000t\000e\000p\000\040\0003\000:\000\040\000R\000u\000n\000n\000i\000n\000g\000\040\000t\000h\000e\000\040\000p\000i\000p\000e\000l\000i\000n\000e}{section.1.3}% 11
\BOOKMARK [2][-]{subsection.1.3.5}{\376\377\000U\000n\000d\000e\000r\000\040\000t\000h\000e\000\040\000h\000o\000o\000d\000\040\000o\000f\000\040\000r\000u\000n\000\137\000r\000e\000c\000i\000p\000e\000s}{section.1.3}% 12
\BOOKMARK [2][-]{subsection.1.3.6}{\376\377\000S\000t\000r\000u\000c\000t\000u\000r\000e\000\040\000o\000f\000\040\000t\000h\000e\000\040\000o\000u\000t\000p\000u\000t}{section.1.3}% 13
\BOOKMARK [3][-]{subsubsection*.3}{\376\377\000F\000o\000l\000d\000e\000r\000s}{subsection.1.3.6}% 14
\BOOKMARK [3][-]{subsubsection*.4}{\376\377\000L\000o\000g\000\040\000f\000i\000l\000e\000s}{subsection.1.3.6}% 15
\BOOKMARK [3][-]{subsubsection*.5}{\376\377\000A\000s\000t\000r\000o\000p\000y\000\040\000T\000a\000b\000l\000e\000s}{subsection.1.3.6}% 16
\BOOKMARK [3][-]{subsubsection*.6}{\376\377\000S\000o\000f\000\040\000f\000i\000l\000e\000s}{subsection.1.3.6}% 17
\BOOKMARK [3][-]{subsubsection*.7}{\376\377\000P\000y\000t\000h\000o\000n\000\040\000s\000t\000r\000u\000c\000t\000u\000r\000e}{subsection.1.3.6}% 18
\BOOKMARK [1][-]{section.1.4}{\376\377\000A\000l\000i\000g\000n\000m\000e\000n\000t}{chapter.1}% 19
\BOOKMARK [2][-]{subsection.1.4.1}{\376\377\000L\000i\000m\000i\000t\000a\000t\000i\000o\000n\000s\000\040\000o\000f\000\040\000r\000u\000n\000\137\000a\000l\000i\000g\000n\000\040\000r\000e\000c\000i\000p\000e\000s}{section.1.4}% 20
\BOOKMARK [1][-]{section.1.5}{\376\377\000T\000a\000r\000g\000e\000t\000s\000\040\000a\000n\000d\000\040\000M\000o\000s\000a\000i\000c\000k\000i\000n\000g}{chapter.1}% 21
\BOOKMARK [1][-]{section.1.6}{\376\377\000C\000o\000n\000v\000o\000l\000u\000t\000i\000o\000n}{chapter.1}% 22
\BOOKMARK [1][-]{section.1.7}{\376\377\000P\000H\000A\000N\000G\000S\000\040\000p\000i\000p\000e\000l\000i\000n\000e\000\040\000e\000x\000a\000m\000p\000l\000e}{chapter.1}% 23
\BOOKMARK [1][-]{section.1.8}{\376\377\000L\000i\000c\000e\000n\000s\000e}{chapter.1}% 24
\BOOKMARK [1][-]{section.1.9}{\376\377\000C\000o\000n\000t\000r\000i\000b\000u\000t\000o\000r\000s}{chapter.1}% 25
\BOOKMARK [1][-]{section.1.10}{\376\377\000C\000h\000a\000n\000g\000e\000l\000o\000g}{chapter.1}% 26
\BOOKMARK [2][-]{subsection.1.10.1}{\376\377\000V\000e\000r\000s\000i\000o\000n\000\040\0002\000.\0009\000.\0009}{section.1.10}% 27
\BOOKMARK [2][-]{subsection.1.10.2}{\376\377\000V\000e\000r\000s\000i\000o\000n\000\040\0001\000.\0000}{section.1.10}% 28
\BOOKMARK [1][-]{section.1.11}{\376\377\000p\000y\000m\000u\000s\000e\000p\000i\000p\000e}{chapter.1}% 29
\BOOKMARK [2][-]{subsection.1.11.1}{\376\377\000p\000y\000m\000u\000s\000e\000p\000i\000p\000e\000\040\000p\000a\000c\000k\000a\000g\000e}{section.1.11}% 30
\BOOKMARK [3][-]{subsubsection*.8}{\376\377\000S\000u\000b\000m\000o\000d\000u\000l\000e\000s}{subsection.1.11.1}% 31
\BOOKMARK [3][-]{subsubsection*.9}{\376\377\000p\000y\000m\000u\000s\000e\000p\000i\000p\000e\000.\000a\000l\000i\000g\000n\000\137\000p\000i\000p\000e\000\040\000m\000o\000d\000u\000l\000e}{subsection.1.11.1}% 32
\BOOKMARK [4][-]{paragraph*.12}{\376\377\000I\000n\000p\000u\000t}{subsubsection*.9}% 33
\BOOKMARK [4][-]{paragraph*.15}{\376\377\000I\000n\000p\000u\000t}{subsubsection*.9}% 34
\BOOKMARK [4][-]{paragraph*.18}{\376\377\000I\000n\000p\000u\000t}{subsubsection*.9}% 35
\BOOKMARK [4][-]{paragraph*.19}{\376\377\000C\000r\000e\000a\000t\000e\000s}{subsubsection*.9}% 36
\BOOKMARK [4][-]{paragraph*.21}{\376\377\000I\000n\000p\000u\000t}{subsubsection*.9}% 37
\BOOKMARK [4][-]{paragraph*.23}{\376\377\000I\000n\000p\000u\000t}{subsubsection*.9}% 38
\BOOKMARK [4][-]{paragraph*.25}{\376\377\000I\000n\000p\000u\000t}{subsubsection*.9}% 39
\BOOKMARK [4][-]{paragraph*.27}{\376\377\000I\000n\000p\000u\000t}{subsubsection*.9}% 40
\BOOKMARK [4][-]{paragraph*.29}{\376\377\000I\000n\000p\000u\000t}{subsubsection*.9}% 41
\BOOKMARK [4][-]{paragraph*.31}{\376\377\000I\000n\000p\000u\000t}{subsubsection*.9}% 42
\BOOKMARK [4][-]{paragraph*.33}{\376\377\000I\000n\000p\000u\000t}{subsubsection*.9}% 43
\BOOKMARK [4][-]{paragraph*.35}{\376\377\000I\000n\000p\000u\000t}{subsubsection*.9}% 44
\BOOKMARK [4][-]{paragraph*.37}{\376\377\000I\000n\000p\000u\000t}{subsubsection*.9}% 45
\BOOKMARK [4][-]{paragraph*.39}{\376\377\000I\000n\000p\000u\000t}{subsubsection*.9}% 46
\BOOKMARK [4][-]{paragraph*.41}{\376\377\000I\000n\000p\000u\000t}{subsubsection*.9}% 47
\BOOKMARK [4][-]{paragraph*.43}{\376\377\000I\000n\000p\000u\000t}{subsubsection*.9}% 48
\BOOKMARK [4][-]{paragraph*.45}{\376\377\000I\000n\000p\000u\000t}{subsubsection*.9}% 49
\BOOKMARK [4][-]{paragraph*.47}{\376\377\000I\000n\000p\000u\000t}{subsubsection*.9}% 50
\BOOKMARK [4][-]{paragraph*.49}{\376\377\000I\000n\000p\000u\000t}{subsubsection*.9}% 51
\BOOKMARK [4][-]{paragraph*.51}{\376\377\000I\000n\000p\000u\000t}{subsubsection*.9}% 52
\BOOKMARK [4][-]{paragraph*.52}{\376\377\000A\000d\000d\000i\000t\000i\000o\000n\000a\000l\000\040\000a\000r\000g\000u\000m\000e\000n\000t\000s}{subsubsection*.9}% 53
\BOOKMARK [4][-]{paragraph*.55}{\376\377\000I\000n\000p\000u\000t}{subsubsection*.9}% 54
\BOOKMARK [4][-]{paragraph*.58}{\376\377\000I\000n\000p\000u\000t}{subsubsection*.9}% 55
\BOOKMARK [4][-]{paragraph*.59}{\376\377\000C\000r\000e\000a\000t\000e\000s}{subsubsection*.9}% 56
\BOOKMARK [4][-]{paragraph*.61}{\376\377\000I\000n\000p\000u\000t}{subsubsection*.9}% 57
\BOOKMARK [4][-]{paragraph*.63}{\376\377\000I\000n\000p\000u\000t}{subsubsection*.9}% 58
\BOOKMARK [4][-]{paragraph*.65}{\376\377\000I\000n\000p\000u\000t}{subsubsection*.9}% 59
\BOOKMARK [4][-]{paragraph*.67}{\376\377\000I\000n\000p\000u\000t}{subsubsection*.9}% 60
\BOOKMARK [4][-]{paragraph*.68}{\376\377\000C\000r\000e\000a\000t\000e\000s}{subsubsection*.9}% 61
\BOOKMARK [4][-]{paragraph*.70}{\376\377\000I\000n\000p\000u\000t}{subsubsection*.9}% 62
\BOOKMARK [4][-]{paragraph*.71}{\376\377\000C\000r\000e\000a\000t\000e\000s}{subsubsection*.9}% 63
\BOOKMARK [4][-]{paragraph*.73}{\376\377\000I\000n\000p\000u\000t}{subsubsection*.9}% 64
\BOOKMARK [4][-]{paragraph*.75}{\376\377\000I\000n\000p\000u\000t}{subsubsection*.9}% 65
\BOOKMARK [4][-]{paragraph*.79}{\376\377\000I\000n\000p\000u\000t}{subsubsection*.9}% 66
\BOOKMARK [4][-]{paragraph*.84}{\376\377\000I\000n\000p\000u\000t}{subsubsection*.9}% 67
\BOOKMARK [4][-]{paragraph*.86}{\376\377\000I\000n\000p\000u\000t}{subsubsection*.9}% 68
\BOOKMARK [4][-]{paragraph*.88}{\376\377\000I\000n\000p\000u\000t}{subsubsection*.9}% 69
\BOOKMARK [4][-]{paragraph*.90}{\376\377\000I\000n\000p\000u\000t}{subsubsection*.9}% 70
\BOOKMARK [4][-]{paragraph*.93}{\376\377\000I\000n\000p\000u\000t}{subsubsection*.9}% 71
\BOOKMARK [4][-]{paragraph*.95}{\376\377\000I\000n\000p\000u\000t}{subsubsection*.9}% 72
\BOOKMARK [4][-]{paragraph*.97}{\376\377\000I\000n\000p\000u\000t}{subsubsection*.9}% 73
\BOOKMARK [3][-]{subsubsection*.98}{\376\377\000p\000y\000m\000u\000s\000e\000p\000i\000p\000e\000.\000c\000h\000e\000c\000k\000\137\000p\000i\000p\000e\000\040\000m\000o\000d\000u\000l\000e}{subsection.1.11.1}% 74
\BOOKMARK [3][-]{subsubsection*.106}{\376\377\000p\000y\000m\000u\000s\000e\000p\000i\000p\000e\000.\000c\000o\000m\000b\000i\000n\000e\000\040\000m\000o\000d\000u\000l\000e}{subsection.1.11.1}% 75
\BOOKMARK [4][-]{paragraph*.109}{\376\377\000I\000n\000p\000u\000t}{subsubsection*.106}% 76
\BOOKMARK [4][-]{paragraph*.111}{\376\377\000I\000n\000p\000u\000t}{subsubsection*.106}% 77
\BOOKMARK [4][-]{paragraph*.113}{\376\377\000I\000n\000p\000u\000t}{subsubsection*.106}% 78
\BOOKMARK [4][-]{paragraph*.115}{\376\377\000I\000n\000p\000u\000t}{subsubsection*.106}% 79
\BOOKMARK [4][-]{paragraph*.117}{\376\377\000I\000n\000p\000u\000t}{subsubsection*.106}% 80
\BOOKMARK [4][-]{paragraph*.123}{\376\377\000I\000n\000p\000u\000t}{subsubsection*.106}% 81
\BOOKMARK [4][-]{paragraph*.130}{\376\377\000I\000n\000p\000u\000t}{subsubsection*.106}% 82
\BOOKMARK [4][-]{paragraph*.132}{\376\377\000I\000n\000p\000u\000t}{subsubsection*.106}% 83
\BOOKMARK [4][-]{paragraph*.134}{\376\377\000I\000n\000p\000u\000t}{subsubsection*.106}% 84
\BOOKMARK [4][-]{paragraph*.137}{\376\377\000I\000n\000p\000u\000t}{subsubsection*.106}% 85
\BOOKMARK [4][-]{paragraph*.139}{\376\377\000I\000n\000p\000u\000t}{subsubsection*.106}% 86
\BOOKMARK [3][-]{subsubsection*.141}{\376\377\000p\000y\000m\000u\000s\000e\000p\000i\000p\000e\000.\000c\000o\000n\000f\000i\000g\000\137\000p\000i\000p\000e\000\040\000m\000o\000d\000u\000l\000e}{subsection.1.11.1}% 87
\BOOKMARK [3][-]{subsubsection*.143}{\376\377\000p\000y\000m\000u\000s\000e\000p\000i\000p\000e\000.\000c\000r\000e\000a\000t\000e\000\137\000s\000o\000f\000\040\000m\000o\000d\000u\000l\000e}{subsection.1.11.1}% 88
\BOOKMARK [3][-]{subsubsection*.147}{\376\377\000p\000y\000m\000u\000s\000e\000p\000i\000p\000e\000.\000c\000u\000b\000e\000\137\000c\000o\000n\000v\000o\000l\000v\000e\000\040\000m\000o\000d\000u\000l\000e}{subsection.1.11.1}% 89
\BOOKMARK [3][-]{subsubsection*.157}{\376\377\000p\000y\000m\000u\000s\000e\000p\000i\000p\000e\000.\000e\000m\000i\000s\000s\000i\000o\000n\000\137\000l\000i\000n\000e\000s\000\040\000m\000o\000d\000u\000l\000e}{subsection.1.11.1}% 90
\BOOKMARK [3][-]{subsubsection*.162}{\376\377\000p\000y\000m\000u\000s\000e\000p\000i\000p\000e\000.\000g\000r\000a\000p\000h\000\137\000p\000i\000p\000e\000\040\000m\000o\000d\000u\000l\000e}{subsection.1.11.1}% 91
\BOOKMARK [4][-]{paragraph*.171}{\376\377\000I\000n\000p\000u\000t}{subsubsection*.162}% 92
\BOOKMARK [4][-]{paragraph*.173}{\376\377\000I\000n\000p\000u\000t}{subsubsection*.162}% 93
\BOOKMARK [4][-]{paragraph*.174}{\376\377\000C\000r\000e\000a\000t\000e\000s}{subsubsection*.162}% 94
\BOOKMARK [4][-]{paragraph*.176}{\376\377\000I\000n\000p\000u\000t}{subsubsection*.162}% 95
\BOOKMARK [4][-]{paragraph*.177}{\376\377\000C\000r\000e\000a\000t\000e\000s}{subsubsection*.162}% 96
\BOOKMARK [3][-]{subsubsection*.181}{\376\377\000p\000y\000m\000u\000s\000e\000p\000i\000p\000e\000.\000i\000n\000i\000t\000\137\000m\000u\000s\000e\000p\000i\000p\000e\000\040\000m\000o\000d\000u\000l\000e}{subsection.1.11.1}% 97
\BOOKMARK [4][-]{paragraph*.184}{\376\377\000I\000n\000p\000u\000t}{subsubsection*.181}% 98
\BOOKMARK [3][-]{subsubsection*.188}{\376\377\000p\000y\000m\000u\000s\000e\000p\000i\000p\000e\000.\000m\000p\000d\000a\000f\000\137\000p\000i\000p\000e\000\040\000m\000o\000d\000u\000l\000e}{subsection.1.11.1}% 99
\BOOKMARK [4][-]{paragraph*.199}{\376\377\000I\000n\000p\000u\000t}{subsubsection*.188}% 100
\BOOKMARK [4][-]{paragraph*.203}{\376\377\000I\000n\000p\000u\000t}{subsubsection*.188}% 101
\BOOKMARK [4][-]{paragraph*.208}{\376\377\000I\000n\000p\000u\000t}{subsubsection*.188}% 102
\BOOKMARK [4][-]{paragraph*.210}{\376\377\000I\000n\000p\000u\000t}{subsubsection*.188}% 103
\BOOKMARK [4][-]{paragraph*.225}{\376\377\000I\000n\000p\000u\000t}{subsubsection*.188}% 104
\BOOKMARK [4][-]{paragraph*.234}{\376\377\000I\000n\000p\000u\000t}{subsubsection*.188}% 105
\BOOKMARK [4][-]{paragraph*.237}{\376\377\000I\000n\000p\000u\000t}{subsubsection*.188}% 106
\BOOKMARK [4][-]{paragraph*.239}{\376\377\000I\000n\000p\000u\000t}{subsubsection*.188}% 107
\BOOKMARK [4][-]{paragraph*.243}{\376\377\000I\000n\000p\000u\000t}{subsubsection*.188}% 108
\BOOKMARK [4][-]{paragraph*.246}{\376\377\000I\000n\000p\000u\000t}{subsubsection*.188}% 109
\BOOKMARK [4][-]{paragraph*.248}{\376\377\000I\000n\000p\000u\000t}{subsubsection*.188}% 110
\BOOKMARK [4][-]{paragraph*.249}{\376\377\000C\000r\000e\000a\000t\000e\000s}{subsubsection*.188}% 111
\BOOKMARK [4][-]{paragraph*.252}{\376\377\000I\000n\000p\000u\000t}{subsubsection*.188}% 112
\BOOKMARK [4][-]{paragraph*.255}{\376\377\000I\000n\000p\000u\000t}{subsubsection*.188}% 113
\BOOKMARK [3][-]{subsubsection*.256}{\376\377\000p\000y\000m\000u\000s\000e\000p\000i\000p\000e\000.\000m\000u\000s\000e\000p\000i\000p\000e\000\040\000m\000o\000d\000u\000l\000e}{subsection.1.11.1}% 114
\BOOKMARK [4][-]{paragraph*.270}{\376\377\000I\000n\000p\000u\000t}{subsubsection*.256}% 115
\BOOKMARK [3][-]{subsubsection*.271}{\376\377\000p\000y\000m\000u\000s\000e\000p\000i\000p\000e\000.\000p\000r\000e\000p\000\137\000r\000e\000c\000i\000p\000e\000s\000\137\000p\000i\000p\000e\000\040\000m\000o\000d\000u\000l\000e}{subsection.1.11.1}% 116
\BOOKMARK [4][-]{paragraph*.285}{\376\377\000I\000n\000p\000u\000t}{subsubsection*.271}% 117
\BOOKMARK [4][-]{paragraph*.288}{\376\377\000I\000n\000p\000u\000t}{subsubsection*.271}% 118
\BOOKMARK [4][-]{paragraph*.292}{\376\377\000I\000n\000p\000u\000t}{subsubsection*.271}% 119
\BOOKMARK [4][-]{paragraph*.294}{\376\377\000I\000n\000p\000u\000t}{subsubsection*.271}% 120
\BOOKMARK [3][-]{subsubsection*.305}{\376\377\000p\000y\000m\000u\000s\000e\000p\000i\000p\000e\000.\000r\000e\000c\000i\000p\000e\000s\000\137\000p\000i\000p\000e\000\040\000m\000o\000d\000u\000l\000e}{subsection.1.11.1}% 121
\BOOKMARK [3][-]{subsubsection*.327}{\376\377\000p\000y\000m\000u\000s\000e\000p\000i\000p\000e\000.\000t\000a\000r\000g\000e\000t\000\137\000s\000a\000m\000p\000l\000e\000\040\000m\000o\000d\000u\000l\000e}{subsection.1.11.1}% 122
\BOOKMARK [4][-]{paragraph*.335}{\376\377\000I\000n\000p\000u\000t}{subsubsection*.327}% 123
\BOOKMARK [4][-]{paragraph*.337}{\376\377\000I\000n\000p\000u\000t}{subsubsection*.327}% 124
\BOOKMARK [4][-]{paragraph*.340}{\376\377\000I\000n\000p\000u\000t}{subsubsection*.327}% 125
\BOOKMARK [4][-]{paragraph*.342}{\376\377\000I\000n\000p\000u\000t}{subsubsection*.327}% 126
\BOOKMARK [4][-]{paragraph*.344}{\376\377\000I\000n\000p\000u\000t}{subsubsection*.327}% 127
\BOOKMARK [4][-]{paragraph*.346}{\376\377\000I\000n\000p\000u\000t}{subsubsection*.327}% 128
\BOOKMARK [4][-]{paragraph*.349}{\376\377\000I\000n\000p\000u\000t}{subsubsection*.327}% 129
\BOOKMARK [4][-]{paragraph*.352}{\376\377\000I\000n\000p\000u\000t}{subsubsection*.327}% 130
\BOOKMARK [4][-]{paragraph*.359}{\376\377\000I\000n\000p\000u\000t}{subsubsection*.327}% 131
\BOOKMARK [4][-]{paragraph*.361}{\376\377\000I\000n\000p\000u\000t}{subsubsection*.327}% 132
\BOOKMARK [3][-]{subsubsection*.362}{\376\377\000p\000y\000m\000u\000s\000e\000p\000i\000p\000e\000.\000u\000t\000i\000l\000\137\000i\000m\000a\000g\000e\000\040\000m\000o\000d\000u\000l\000e}{subsection.1.11.1}% 133
\BOOKMARK [4][-]{paragraph*.365}{\376\377\000I\000n\000p\000u\000t}{subsubsection*.362}% 134
\BOOKMARK [4][-]{paragraph*.368}{\376\377\000U\000p\000d\000a\000t\000e\000s}{subsubsection*.362}% 135
\BOOKMARK [4][-]{paragraph*.381}{\376\377\000I\000n\000p\000u\000t}{subsubsection*.362}% 136
\BOOKMARK [4][-]{paragraph*.383}{\376\377\000I\000n\000p\000u\000t}{subsubsection*.362}% 137
\BOOKMARK [4][-]{paragraph*.384}{\376\377\000C\000r\000e\000a\000t\000e\000s}{subsubsection*.362}% 138
\BOOKMARK [4][-]{paragraph*.386}{\376\377\000I\000n\000p\000u\000t}{subsubsection*.362}% 139
\BOOKMARK [4][-]{paragraph*.387}{\376\377\000U\000p\000d\000a\000t\000e\000s}{subsubsection*.362}% 140
\BOOKMARK [4][-]{paragraph*.389}{\376\377\000I\000n\000p\000u\000t}{subsubsection*.362}% 141
\BOOKMARK [4][-]{paragraph*.391}{\376\377\000I\000n\000p\000u\000t}{subsubsection*.362}% 142
\BOOKMARK [4][-]{paragraph*.392}{\376\377\000U\000p\000d\000a\000t\000e\000s}{subsubsection*.362}% 143
\BOOKMARK [4][-]{paragraph*.394}{\376\377\000I\000n\000p\000u\000t}{subsubsection*.362}% 144
\BOOKMARK [4][-]{paragraph*.395}{\376\377\000U\000p\000d\000a\000t\000e\000s}{subsubsection*.362}% 145
\BOOKMARK [4][-]{paragraph*.399}{\376\377\000I\000n\000p\000u\000t}{subsubsection*.362}% 146
\BOOKMARK [4][-]{paragraph*.403}{\376\377\000I\000n\000p\000u\000t}{subsubsection*.362}% 147
\BOOKMARK [4][-]{paragraph*.405}{\376\377\000I\000n\000p\000u\000t}{subsubsection*.362}% 148
\BOOKMARK [4][-]{paragraph*.408}{\376\377\000I\000n\000p\000u\000t}{subsubsection*.362}% 149
\BOOKMARK [4][-]{paragraph*.410}{\376\377\000I\000n\000p\000u\000t}{subsubsection*.362}% 150
\BOOKMARK [4][-]{paragraph*.413}{\376\377\000I\000n\000p\000u\000t}{subsubsection*.362}% 151
\BOOKMARK [4][-]{paragraph*.416}{\376\377\000I\000n\000p\000u\000t}{subsubsection*.362}% 152
\BOOKMARK [4][-]{paragraph*.418}{\376\377\000I\000n\000p\000u\000t}{subsubsection*.362}% 153
\BOOKMARK [4][-]{paragraph*.420}{\376\377\000I\000n\000p\000u\000t}{subsubsection*.362}% 154
\BOOKMARK [4][-]{paragraph*.422}{\376\377\000I\000n\000p\000u\000t}{subsubsection*.362}% 155
\BOOKMARK [4][-]{paragraph*.424}{\376\377\000I\000n\000p\000u\000t}{subsubsection*.362}% 156
\BOOKMARK [4][-]{paragraph*.426}{\376\377\000I\000n\000p\000u\000t}{subsubsection*.362}% 157
\BOOKMARK [4][-]{paragraph*.428}{\376\377\000I\000n\000p\000u\000t}{subsubsection*.362}% 158
\BOOKMARK [4][-]{paragraph*.430}{\376\377\000I\000n\000p\000u\000t}{subsubsection*.362}% 159
\BOOKMARK [4][-]{paragraph*.433}{\376\377\000I\000n\000p\000u\000t}{subsubsection*.362}% 160
\BOOKMARK [4][-]{paragraph*.435}{\376\377\000I\000n\000p\000u\000t}{subsubsection*.362}% 161
\BOOKMARK [4][-]{paragraph*.437}{\376\377\000I\000n\000p\000u\000t}{subsubsection*.362}% 162
\BOOKMARK [4][-]{paragraph*.439}{\376\377\000I\000n\000p\000u\000t}{subsubsection*.362}% 163
\BOOKMARK [4][-]{paragraph*.441}{\376\377\000I\000n\000p\000u\000t}{subsubsection*.362}% 164
\BOOKMARK [4][-]{paragraph*.444}{\376\377\000I\000n\000p\000u\000t}{subsubsection*.362}% 165
\BOOKMARK [4][-]{paragraph*.446}{\376\377\000I\000n\000p\000u\000t}{subsubsection*.362}% 166
\BOOKMARK [3][-]{subsubsection*.448}{\376\377\000p\000y\000m\000u\000s\000e\000p\000i\000p\000e\000.\000u\000t\000i\000l\000\137\000p\000i\000p\000e\000\040\000m\000o\000d\000u\000l\000e}{subsection.1.11.1}% 167
\BOOKMARK [4][-]{paragraph*.455}{\376\377\000I\000n\000p\000u\000t}{subsubsection*.448}% 168
\BOOKMARK [4][-]{paragraph*.457}{\376\377\000I\000n\000p\000u\000t}{subsubsection*.448}% 169
\BOOKMARK [4][-]{paragraph*.459}{\376\377\000I\000n\000p\000u\000t}{subsubsection*.448}% 170
\BOOKMARK [4][-]{paragraph*.462}{\376\377\000I\000n\000p\000u\000t}{subsubsection*.448}% 171
\BOOKMARK [4][-]{paragraph*.464}{\376\377\000I\000n\000p\000u\000t}{subsubsection*.448}% 172
\BOOKMARK [4][-]{paragraph*.466}{\376\377\000I\000n\000p\000u\000t}{subsubsection*.448}% 173
\BOOKMARK [4][-]{paragraph*.471}{\376\377\000I\000n\000p\000u\000t}{subsubsection*.448}% 174
\BOOKMARK [4][-]{paragraph*.474}{\376\377\000I\000n\000p\000u\000t}{subsubsection*.448}% 175
\BOOKMARK [4][-]{paragraph*.476}{\376\377\000I\000n\000p\000u\000t}{subsubsection*.448}% 176
\BOOKMARK [4][-]{paragraph*.478}{\376\377\000I\000n\000p\000u\000t}{subsubsection*.448}% 177
\BOOKMARK [4][-]{paragraph*.480}{\376\377\000I\000n\000p\000u\000t}{subsubsection*.448}% 178
\BOOKMARK [4][-]{paragraph*.482}{\376\377\000I\000n\000p\000u\000t}{subsubsection*.448}% 179
\BOOKMARK [4][-]{paragraph*.484}{\376\377\000I\000n\000p\000u\000t}{subsubsection*.448}% 180
\BOOKMARK [4][-]{paragraph*.486}{\376\377\000I\000n\000p\000u\000t}{subsubsection*.448}% 181
\BOOKMARK [4][-]{paragraph*.488}{\376\377\000I\000n\000p\000u\000t}{subsubsection*.448}% 182
\BOOKMARK [4][-]{paragraph*.492}{\376\377\000I\000n\000p\000u\000t}{subsubsection*.448}% 183
\BOOKMARK [4][-]{paragraph*.495}{\376\377\000I\000n\000p\000u\000t}{subsubsection*.448}% 184
\BOOKMARK [4][-]{paragraph*.498}{\376\377\000I\000n\000p\000u\000t}{subsubsection*.448}% 185
\BOOKMARK [4][-]{paragraph*.500}{\376\377\000I\000n\000p\000u\000t}{subsubsection*.448}% 186
\BOOKMARK [4][-]{paragraph*.504}{\376\377\000I\000n\000p\000u\000t}{subsubsection*.448}% 187
\BOOKMARK [4][-]{paragraph*.505}{\376\377\000C\000r\000e\000a\000t\000e\000s}{subsubsection*.448}% 188
\BOOKMARK [3][-]{subsubsection*.506}{\376\377\000p\000y\000m\000u\000s\000e\000p\000i\000p\000e\000.\000v\000e\000r\000s\000i\000o\000n\000\040\000m\000o\000d\000u\000l\000e}{subsection.1.11.1}% 189
\BOOKMARK [3][-]{subsubsection*.507}{\376\377\000M\000o\000d\000u\000l\000e\000\040\000c\000o\000n\000t\000e\000n\000t\000s}{subsection.1.11.1}% 190
\BOOKMARK [0][-]{chapter.2}{\376\377\000I\000n\000d\000i\000c\000e\000s\000\040\000a\000n\000d\000\040\000t\000a\000b\000l\000e\000s}{}% 191
\BOOKMARK [0][-]{section*.508}{\376\377\000P\000y\000t\000h\000o\000n\000\040\000M\000o\000d\000u\000l\000e\000\040\000I\000n\000d\000e\000x}{}% 192
